2024/09/17 13:04:44 [notice] 1#1: using the "epoll" event method
2024/09/17 13:04:44 [notice] 1#1: nginx/1.27.1
2024/09/17 13:04:44 [notice] 1#1: built by gcc 13.2.1 20240309 (Alpine 13.2.1_git20240309) 
2024/09/17 13:04:44 [notice] 1#1: OS: Linux 6.8.0-40-generic
2024/09/17 13:04:44 [notice] 1#1: getrlimit(RLIMIT_NOFILE): 1048576:1048576
2024/09/17 13:04:44 [notice] 1#1: start worker processes
2024/09/17 13:04:44 [notice] 1#1: start worker process 29
2024/09/17 13:04:44 [notice] 1#1: start worker process 30
2024/09/17 13:04:44 [notice] 1#1: start worker process 31
2024/09/17 13:04:44 [notice] 1#1: start worker process 32
2024/09/17 13:04:44 [notice] 1#1: start worker process 33
2024/09/17 13:04:44 [notice] 1#1: start worker process 34
2024/09/17 13:04:44 [notice] 1#1: start worker process 35
2024/09/17 13:04:44 [notice] 1#1: start worker process 36
2024/09/17 13:04:44 [notice] 1#1: start worker process 37
2024/09/17 13:04:44 [notice] 1#1: start worker process 38
2024/09/17 13:04:44 [notice] 1#1: start worker process 39
2024/09/17 13:04:44 [notice] 1#1: start worker process 40
2024/09/17 13:06:33 [notice] 1#1: using the "epoll" event method
2024/09/17 13:06:33 [notice] 1#1: nginx/1.27.1
2024/09/17 13:06:33 [notice] 1#1: built by gcc 13.2.1 20240309 (Alpine 13.2.1_git20240309) 
2024/09/17 13:06:33 [notice] 1#1: OS: Linux 6.8.0-40-generic
2024/09/17 13:06:33 [notice] 1#1: getrlimit(RLIMIT_NOFILE): 1048576:1048576
2024/09/17 13:06:33 [notice] 1#1: start worker processes
2024/09/17 13:06:33 [notice] 1#1: start worker process 29
2024/09/17 13:06:33 [notice] 1#1: start worker process 30
2024/09/17 13:06:33 [notice] 1#1: start worker process 31
2024/09/17 13:06:33 [notice] 1#1: start worker process 32
2024/09/17 13:06:33 [notice] 1#1: start worker process 33
2024/09/17 13:06:33 [notice] 1#1: start worker process 34
2024/09/17 13:06:33 [notice] 1#1: start worker process 35
2024/09/17 13:06:33 [notice] 1#1: start worker process 36
2024/09/17 13:06:33 [notice] 1#1: start worker process 37
2024/09/17 13:06:33 [notice] 1#1: start worker process 38
2024/09/17 13:06:33 [notice] 1#1: start worker process 39
2024/09/17 13:06:33 [notice] 1#1: start worker process 40
2024/09/17 13:09:04 [notice] 1#1: using the "epoll" event method
2024/09/17 13:09:04 [notice] 1#1: nginx/1.27.1
2024/09/17 13:09:04 [notice] 1#1: built by gcc 13.2.1 20240309 (Alpine 13.2.1_git20240309) 
2024/09/17 13:09:04 [notice] 1#1: OS: Linux 6.8.0-40-generic
2024/09/17 13:09:04 [notice] 1#1: getrlimit(RLIMIT_NOFILE): 1048576:1048576
2024/09/17 13:09:04 [notice] 1#1: start worker processes
2024/09/17 13:09:04 [notice] 1#1: start worker process 29
2024/09/17 13:09:04 [notice] 1#1: start worker process 30
2024/09/17 13:09:04 [notice] 1#1: start worker process 31
2024/09/17 13:09:04 [notice] 1#1: start worker process 32
2024/09/17 13:09:04 [notice] 1#1: start worker process 33
2024/09/17 13:09:04 [notice] 1#1: start worker process 34
2024/09/17 13:09:04 [notice] 1#1: start worker process 35
2024/09/17 13:09:04 [notice] 1#1: start worker process 36
2024/09/17 13:09:04 [notice] 1#1: start worker process 37
2024/09/17 13:09:04 [notice] 1#1: start worker process 38
2024/09/17 13:09:04 [notice] 1#1: start worker process 39
2024/09/17 13:09:04 [notice] 1#1: start worker process 40
2024/09/17 13:09:39 [notice] 1#1: signal 3 (SIGQUIT) received, shutting down
2024/09/17 13:09:39 [notice] 29#29: gracefully shutting down
2024/09/17 13:09:39 [notice] 30#30: gracefully shutting down
2024/09/17 13:09:39 [notice] 32#32: gracefully shutting down
2024/09/17 13:09:39 [notice] 31#31: gracefully shutting down
2024/09/17 13:09:39 [notice] 37#37: gracefully shutting down
2024/09/17 13:09:39 [notice] 33#33: gracefully shutting down
2024/09/17 13:09:39 [notice] 34#34: gracefully shutting down
2024/09/17 13:09:39 [notice] 35#35: gracefully shutting down
2024/09/17 13:09:39 [notice] 36#36: gracefully shutting down
2024/09/17 13:09:39 [notice] 29#29: exiting
2024/09/17 13:09:39 [notice] 30#30: exiting
2024/09/17 13:09:39 [notice] 31#31: exiting
2024/09/17 13:09:39 [notice] 32#32: exiting
2024/09/17 13:09:39 [notice] 37#37: exiting
2024/09/17 13:09:39 [notice] 33#33: exiting
2024/09/17 13:09:39 [notice] 34#34: exiting
2024/09/17 13:09:39 [notice] 35#35: exiting
2024/09/17 13:09:39 [notice] 36#36: exiting
2024/09/17 13:09:39 [notice] 33#33: exit
2024/09/17 13:09:39 [notice] 31#31: exit
2024/09/17 13:09:39 [notice] 34#34: exit
2024/09/17 13:09:39 [notice] 35#35: exit
2024/09/17 13:09:39 [notice] 30#30: exit
2024/09/17 13:09:39 [notice] 29#29: exit
2024/09/17 13:09:39 [notice] 37#37: exit
2024/09/17 13:09:39 [notice] 36#36: exit
2024/09/17 13:09:39 [notice] 32#32: exit
2024/09/17 13:09:39 [notice] 40#40: gracefully shutting down
2024/09/17 13:09:39 [notice] 40#40: exiting
2024/09/17 13:09:39 [notice] 40#40: exit
2024/09/17 13:09:39 [notice] 38#38: gracefully shutting down
2024/09/17 13:09:39 [notice] 38#38: exiting
2024/09/17 13:09:39 [notice] 39#39: gracefully shutting down
2024/09/17 13:09:39 [notice] 39#39: exiting
2024/09/17 13:09:39 [notice] 38#38: exit
2024/09/17 13:09:39 [notice] 39#39: exit
2024/09/17 13:09:39 [notice] 1#1: signal 17 (SIGCHLD) received from 29
2024/09/17 13:09:39 [notice] 1#1: worker process 29 exited with code 0
2024/09/17 13:09:39 [notice] 1#1: worker process 32 exited with code 0
2024/09/17 13:09:39 [notice] 1#1: worker process 40 exited with code 0
2024/09/17 13:09:39 [notice] 1#1: signal 29 (SIGIO) received
2024/09/17 13:09:39 [notice] 1#1: signal 17 (SIGCHLD) received from 40
2024/09/17 13:09:39 [notice] 1#1: signal 17 (SIGCHLD) received from 38
2024/09/17 13:09:39 [notice] 1#1: worker process 36 exited with code 0
2024/09/17 13:09:39 [notice] 1#1: worker process 31 exited with code 0
2024/09/17 13:09:39 [notice] 1#1: worker process 38 exited with code 0
2024/09/17 13:09:39 [notice] 1#1: signal 29 (SIGIO) received
2024/09/17 13:09:39 [notice] 1#1: signal 17 (SIGCHLD) received from 36
2024/09/17 13:12:54 [notice] 1#1: using the "epoll" event method
2024/09/17 13:12:54 [notice] 1#1: nginx/1.27.1
2024/09/17 13:12:54 [notice] 1#1: built by gcc 13.2.1 20240309 (Alpine 13.2.1_git20240309) 
2024/09/17 13:12:54 [notice] 1#1: OS: Linux 6.8.0-40-generic
2024/09/17 13:12:54 [notice] 1#1: getrlimit(RLIMIT_NOFILE): 1048576:1048576
2024/09/17 13:12:54 [notice] 1#1: start worker processes
2024/09/17 13:12:54 [notice] 1#1: start worker process 29
2024/09/17 13:12:54 [notice] 1#1: start worker process 30
2024/09/17 13:12:54 [notice] 1#1: start worker process 31
2024/09/17 13:12:54 [notice] 1#1: start worker process 32
2024/09/17 13:12:54 [notice] 1#1: start worker process 33
2024/09/17 13:12:54 [notice] 1#1: start worker process 34
2024/09/17 13:12:54 [notice] 1#1: start worker process 35
2024/09/17 13:12:54 [notice] 1#1: start worker process 36
2024/09/17 13:12:54 [notice] 1#1: start worker process 37
2024/09/17 13:12:54 [notice] 1#1: start worker process 38
2024/09/17 13:12:54 [notice] 1#1: start worker process 39
2024/09/17 13:12:54 [notice] 1#1: start worker process 40
2024/09/17 13:13:56 [notice] 1#1: signal 3 (SIGQUIT) received, shutting down
2024/09/17 13:13:56 [notice] 29#29: gracefully shutting down
2024/09/17 13:13:56 [notice] 30#30: gracefully shutting down
2024/09/17 13:13:56 [notice] 31#31: gracefully shutting down
2024/09/17 13:13:56 [notice] 32#32: gracefully shutting down
2024/09/17 13:13:56 [notice] 33#33: gracefully shutting down
2024/09/17 13:13:56 [notice] 35#35: gracefully shutting down
2024/09/17 13:13:56 [notice] 34#34: gracefully shutting down
2024/09/17 13:13:56 [notice] 36#36: gracefully shutting down
2024/09/17 13:13:56 [notice] 29#29: exiting
2024/09/17 13:13:56 [notice] 38#38: gracefully shutting down
2024/09/17 13:13:56 [notice] 32#32: exiting
2024/09/17 13:13:56 [notice] 30#30: exiting
2024/09/17 13:13:56 [notice] 31#31: exiting
2024/09/17 13:13:56 [notice] 33#33: exiting
2024/09/17 13:13:56 [notice] 35#35: exiting
2024/09/17 13:13:56 [notice] 39#39: gracefully shutting down
2024/09/17 13:13:56 [notice] 34#34: exiting
2024/09/17 13:13:56 [notice] 36#36: exiting
2024/09/17 13:13:56 [notice] 38#38: exiting
2024/09/17 13:13:56 [notice] 39#39: exiting
2024/09/17 13:13:56 [notice] 31#31: exit
2024/09/17 13:13:56 [notice] 35#35: exit
2024/09/17 13:13:56 [notice] 36#36: exit
2024/09/17 13:13:56 [notice] 29#29: exit
2024/09/17 13:13:56 [notice] 39#39: exit
2024/09/17 13:13:56 [notice] 38#38: exit
2024/09/17 13:13:56 [notice] 30#30: exit
2024/09/17 13:13:56 [notice] 33#33: exit
2024/09/17 13:13:56 [notice] 32#32: exit
2024/09/17 13:13:56 [notice] 34#34: exit
2024/09/17 13:13:56 [notice] 40#40: gracefully shutting down
2024/09/17 13:13:56 [notice] 40#40: exiting
2024/09/17 13:13:56 [notice] 40#40: exit
2024/09/17 13:13:56 [notice] 37#37: gracefully shutting down
2024/09/17 13:13:56 [notice] 37#37: exiting
2024/09/17 13:13:56 [notice] 37#37: exit
2024/09/17 13:16:30 [notice] 1#1: using the "epoll" event method
2024/09/17 13:16:30 [notice] 1#1: nginx/1.27.1
2024/09/17 13:16:30 [notice] 1#1: built by gcc 13.2.1 20240309 (Alpine 13.2.1_git20240309) 
2024/09/17 13:16:30 [notice] 1#1: OS: Linux 6.8.0-40-generic
2024/09/17 13:16:30 [notice] 1#1: getrlimit(RLIMIT_NOFILE): 1048576:1048576
2024/09/17 13:16:30 [notice] 1#1: start worker processes
2024/09/17 13:16:30 [notice] 1#1: start worker process 29
2024/09/17 13:16:30 [notice] 1#1: start worker process 30
2024/09/17 13:16:30 [notice] 1#1: start worker process 31
2024/09/17 13:16:30 [notice] 1#1: start worker process 32
2024/09/17 13:16:30 [notice] 1#1: start worker process 33
2024/09/17 13:16:30 [notice] 1#1: start worker process 34
2024/09/17 13:16:30 [notice] 1#1: start worker process 35
2024/09/17 13:16:30 [notice] 1#1: start worker process 36
2024/09/17 13:16:30 [notice] 1#1: start worker process 37
2024/09/17 13:16:30 [notice] 1#1: start worker process 38
2024/09/17 13:16:30 [notice] 1#1: start worker process 39
2024/09/17 13:16:30 [notice] 1#1: start worker process 40
2024/09/17 13:18:26 [notice] 1#1: signal 3 (SIGQUIT) received, shutting down
2024/09/17 13:18:26 [notice] 29#29: gracefully shutting down
2024/09/17 13:18:26 [notice] 30#30: gracefully shutting down
2024/09/17 13:18:26 [notice] 33#33: gracefully shutting down
2024/09/17 13:18:26 [notice] 31#31: gracefully shutting down
2024/09/17 13:18:26 [notice] 32#32: gracefully shutting down
2024/09/17 13:18:26 [notice] 35#35: gracefully shutting down
2024/09/17 13:18:26 [notice] 34#34: gracefully shutting down
2024/09/17 13:18:26 [notice] 36#36: gracefully shutting down
2024/09/17 13:18:26 [notice] 29#29: exiting
2024/09/17 13:18:26 [notice] 38#38: gracefully shutting down
2024/09/17 13:18:26 [notice] 30#30: exiting
2024/09/17 13:18:26 [notice] 33#33: exiting
2024/09/17 13:18:26 [notice] 31#31: exiting
2024/09/17 13:18:26 [notice] 32#32: exiting
2024/09/17 13:18:26 [notice] 35#35: exiting
2024/09/17 13:18:26 [notice] 34#34: exiting
2024/09/17 13:18:26 [notice] 36#36: exiting
2024/09/17 13:18:26 [notice] 38#38: exiting
2024/09/17 13:18:26 [notice] 40#40: gracefully shutting down
2024/09/17 13:18:26 [notice] 40#40: exiting
2024/09/17 13:18:26 [notice] 36#36: exit
2024/09/17 13:18:26 [notice] 30#30: exit
2024/09/17 13:18:26 [notice] 33#33: exit
2024/09/17 13:18:26 [notice] 32#32: exit
2024/09/17 13:18:26 [notice] 29#29: exit
2024/09/17 13:18:26 [notice] 34#34: exit
2024/09/17 13:18:26 [notice] 38#38: exit
2024/09/17 13:18:26 [notice] 35#35: exit
2024/09/17 13:18:26 [notice] 31#31: exit
2024/09/17 13:18:26 [notice] 40#40: exit
2024/09/17 13:18:26 [notice] 37#37: gracefully shutting down
2024/09/17 13:18:26 [notice] 37#37: exiting
2024/09/17 13:18:26 [notice] 37#37: exit
2024/09/17 13:18:26 [notice] 39#39: gracefully shutting down
2024/09/17 13:18:26 [notice] 39#39: exiting
2024/09/17 13:18:26 [notice] 39#39: exit
2024/09/17 13:19:50 [notice] 1#1: using the "epoll" event method
2024/09/17 13:19:50 [notice] 1#1: nginx/1.27.1
2024/09/17 13:19:50 [notice] 1#1: built by gcc 13.2.1 20240309 (Alpine 13.2.1_git20240309) 
2024/09/17 13:19:50 [notice] 1#1: OS: Linux 6.8.0-40-generic
2024/09/17 13:19:50 [notice] 1#1: getrlimit(RLIMIT_NOFILE): 1048576:1048576
2024/09/17 13:19:50 [notice] 1#1: start worker processes
2024/09/17 13:19:50 [notice] 1#1: start worker process 30
2024/09/17 13:19:50 [notice] 1#1: start worker process 31
2024/09/17 13:19:50 [notice] 1#1: start worker process 32
2024/09/17 13:19:50 [notice] 1#1: start worker process 33
2024/09/17 13:19:50 [notice] 1#1: start worker process 34
2024/09/17 13:19:50 [notice] 1#1: start worker process 35
2024/09/17 13:19:50 [notice] 1#1: start worker process 36
2024/09/17 13:19:50 [notice] 1#1: start worker process 37
2024/09/17 13:19:50 [notice] 1#1: start worker process 38
2024/09/17 13:19:50 [notice] 1#1: start worker process 39
2024/09/17 13:19:50 [notice] 1#1: start worker process 40
2024/09/17 13:19:50 [notice] 1#1: start worker process 41
2024/09/17 13:20:33 [notice] 1#1: signal 3 (SIGQUIT) received, shutting down
2024/09/17 13:20:33 [notice] 30#30: gracefully shutting down
2024/09/17 13:20:33 [notice] 31#31: gracefully shutting down
2024/09/17 13:20:33 [notice] 32#32: gracefully shutting down
2024/09/17 13:20:33 [notice] 34#34: gracefully shutting down
2024/09/17 13:20:33 [notice] 35#35: gracefully shutting down
2024/09/17 13:20:33 [notice] 36#36: gracefully shutting down
2024/09/17 13:20:33 [notice] 33#33: gracefully shutting down
2024/09/17 13:20:33 [notice] 30#30: exiting
2024/09/17 13:20:33 [notice] 31#31: exiting
2024/09/17 13:20:33 [notice] 39#39: gracefully shutting down
2024/09/17 13:20:33 [notice] 32#32: exiting
2024/09/17 13:20:33 [notice] 34#34: exiting
2024/09/17 13:20:33 [notice] 35#35: exiting
2024/09/17 13:20:33 [notice] 36#36: exiting
2024/09/17 13:20:33 [notice] 33#33: exiting
2024/09/17 13:20:33 [notice] 39#39: exiting
2024/09/17 13:20:33 [notice] 40#40: gracefully shutting down
2024/09/17 13:20:33 [notice] 40#40: exiting
2024/09/17 13:20:33 [notice] 30#30: exit
2024/09/17 13:20:33 [notice] 35#35: exit
2024/09/17 13:20:33 [notice] 34#34: exit
2024/09/17 13:20:33 [notice] 39#39: exit
2024/09/17 13:20:33 [notice] 33#33: exit
2024/09/17 13:20:33 [notice] 36#36: exit
2024/09/17 13:20:33 [notice] 32#32: exit
2024/09/17 13:20:33 [notice] 31#31: exit
2024/09/17 13:20:33 [notice] 40#40: exit
2024/09/17 13:20:33 [notice] 38#38: gracefully shutting down
2024/09/17 13:20:33 [notice] 38#38: exiting
2024/09/17 13:20:33 [notice] 41#41: gracefully shutting down
2024/09/17 13:20:33 [notice] 41#41: exiting
2024/09/17 13:20:33 [notice] 38#38: exit
2024/09/17 13:20:33 [notice] 41#41: exit
2024/09/17 13:20:33 [notice] 37#37: gracefully shutting down
2024/09/17 13:20:33 [notice] 37#37: exiting
2024/09/17 13:20:33 [notice] 37#37: exit
2024/09/17 13:20:33 [notice] 1#1: signal 17 (SIGCHLD) received from 38
2024/09/17 13:20:33 [notice] 1#1: worker process 38 exited with code 0
2024/09/17 13:20:33 [notice] 1#1: signal 29 (SIGIO) received
2024/09/17 13:20:33 [notice] 1#1: signal 17 (SIGCHLD) received from 32
2024/09/17 13:20:33 [notice] 1#1: worker process 32 exited with code 0
2024/09/17 13:20:33 [notice] 1#1: signal 29 (SIGIO) received
2024/09/17 13:20:33 [notice] 1#1: signal 17 (SIGCHLD) received from 37
2024/09/17 13:20:33 [notice] 1#1: worker process 31 exited with code 0
2024/09/17 13:20:54 [notice] 1#1: using the "epoll" event method
2024/09/17 13:20:54 [notice] 1#1: nginx/1.27.1
2024/09/17 13:20:54 [notice] 1#1: built by gcc 13.2.1 20240309 (Alpine 13.2.1_git20240309) 
2024/09/17 13:20:54 [notice] 1#1: OS: Linux 6.8.0-40-generic
2024/09/17 13:20:54 [notice] 1#1: getrlimit(RLIMIT_NOFILE): 1048576:1048576
2024/09/17 13:20:54 [notice] 1#1: start worker processes
2024/09/17 13:20:54 [notice] 1#1: start worker process 203
2024/09/17 13:20:54 [notice] 1#1: start worker process 204
2024/09/17 13:20:54 [notice] 1#1: start worker process 205
2024/09/17 13:20:54 [notice] 1#1: start worker process 206
2024/09/17 13:20:54 [notice] 1#1: start worker process 207
2024/09/17 13:20:54 [notice] 1#1: start worker process 208
2024/09/17 13:20:54 [notice] 1#1: start worker process 209
2024/09/17 13:20:54 [notice] 1#1: start worker process 210
2024/09/17 13:20:54 [notice] 1#1: start worker process 211
2024/09/17 13:20:54 [notice] 1#1: start worker process 212
2024/09/17 13:20:54 [notice] 1#1: start worker process 213
2024/09/17 13:20:54 [notice] 1#1: start worker process 214
2024/09/17 13:21:18 [notice] 1#1: signal 3 (SIGQUIT) received, shutting down
2024/09/17 13:21:18 [notice] 203#203: gracefully shutting down
2024/09/17 13:21:18 [notice] 204#204: gracefully shutting down
2024/09/17 13:21:18 [notice] 205#205: gracefully shutting down
2024/09/17 13:21:18 [notice] 206#206: gracefully shutting down
2024/09/17 13:21:18 [notice] 208#208: gracefully shutting down
2024/09/17 13:21:18 [notice] 210#210: gracefully shutting down
2024/09/17 13:21:18 [notice] 205#205: exiting
2024/09/17 13:21:18 [notice] 203#203: exiting
2024/09/17 13:21:18 [notice] 204#204: exiting
2024/09/17 13:21:18 [notice] 206#206: exiting
2024/09/17 13:21:18 [notice] 212#212: gracefully shutting down
2024/09/17 13:21:18 [notice] 211#211: gracefully shutting down
2024/09/17 13:21:18 [notice] 208#208: exiting
2024/09/17 13:21:18 [notice] 210#210: exiting
2024/09/17 13:21:18 [notice] 211#211: exiting
2024/09/17 13:21:18 [notice] 212#212: exiting
2024/09/17 13:21:18 [notice] 213#213: gracefully shutting down
2024/09/17 13:21:18 [notice] 213#213: exiting
2024/09/17 13:21:18 [notice] 205#205: exit
2024/09/17 13:21:18 [notice] 204#204: exit
2024/09/17 13:21:18 [notice] 206#206: exit
2024/09/17 13:21:18 [notice] 203#203: exit
2024/09/17 13:21:18 [notice] 210#210: exit
2024/09/17 13:21:18 [notice] 212#212: exit
2024/09/17 13:21:18 [notice] 208#208: exit
2024/09/17 13:21:18 [notice] 211#211: exit
2024/09/17 13:21:18 [notice] 213#213: exit
2024/09/17 13:21:18 [notice] 207#207: gracefully shutting down
2024/09/17 13:21:18 [notice] 214#214: gracefully shutting down
2024/09/17 13:21:18 [notice] 209#209: gracefully shutting down
2024/09/17 13:21:18 [notice] 207#207: exiting
2024/09/17 13:21:18 [notice] 214#214: exiting
2024/09/17 13:21:18 [notice] 209#209: exiting
2024/09/17 13:21:18 [notice] 214#214: exit
2024/09/17 13:21:18 [notice] 207#207: exit
2024/09/17 13:21:18 [notice] 209#209: exit
2024/09/17 13:21:18 [notice] 1#1: signal 17 (SIGCHLD) received from 207
2024/09/17 13:21:18 [notice] 1#1: worker process 207 exited with code 0
2024/09/17 13:21:18 [notice] 1#1: worker process 203 exited with code 0
2024/09/17 13:21:18 [notice] 1#1: signal 29 (SIGIO) received
2024/09/17 13:21:18 [notice] 1#1: signal 17 (SIGCHLD) received from 203
2024/09/18 05:56:45 [notice] 1#1: using the "epoll" event method
2024/09/18 05:56:45 [notice] 1#1: nginx/1.27.1
2024/09/18 05:56:45 [notice] 1#1: built by gcc 13.2.1 20240309 (Alpine 13.2.1_git20240309) 
2024/09/18 05:56:45 [notice] 1#1: OS: Linux 6.8.0-40-generic
2024/09/18 05:56:45 [notice] 1#1: getrlimit(RLIMIT_NOFILE): 1048576:1048576
2024/09/18 05:56:45 [notice] 1#1: start worker processes
2024/09/18 05:56:45 [notice] 1#1: start worker process 29
2024/09/18 05:56:45 [notice] 1#1: start worker process 30
2024/09/18 05:56:45 [notice] 1#1: start worker process 31
2024/09/18 05:56:45 [notice] 1#1: start worker process 32
2024/09/18 05:56:45 [notice] 1#1: start worker process 33
2024/09/18 05:56:45 [notice] 1#1: start worker process 34
2024/09/18 05:56:45 [notice] 1#1: start worker process 35
2024/09/18 05:56:45 [notice] 1#1: start worker process 36
2024/09/18 05:56:45 [notice] 1#1: start worker process 37
2024/09/18 05:56:45 [notice] 1#1: start worker process 38
2024/09/18 05:56:45 [notice] 1#1: start worker process 39
2024/09/18 05:56:45 [notice] 1#1: start worker process 40
2024/09/18 05:58:14 [notice] 1#1: signal 3 (SIGQUIT) received, shutting down
2024/09/18 05:58:14 [notice] 29#29: gracefully shutting down
2024/09/18 05:58:14 [notice] 30#30: gracefully shutting down
2024/09/18 05:58:14 [notice] 31#31: gracefully shutting down
2024/09/18 05:58:14 [notice] 32#32: gracefully shutting down
2024/09/18 05:58:14 [notice] 33#33: gracefully shutting down
2024/09/18 05:58:14 [notice] 34#34: gracefully shutting down
2024/09/18 05:58:14 [notice] 36#36: gracefully shutting down
2024/09/18 05:58:14 [notice] 37#37: gracefully shutting down
2024/09/18 05:58:14 [notice] 29#29: exiting
2024/09/18 05:58:14 [notice] 39#39: gracefully shutting down
2024/09/18 05:58:14 [notice] 30#30: exiting
2024/09/18 05:58:14 [notice] 31#31: exiting
2024/09/18 05:58:14 [notice] 40#40: gracefully shutting down
2024/09/18 05:58:14 [notice] 32#32: exiting
2024/09/18 05:58:14 [notice] 33#33: exiting
2024/09/18 05:58:14 [notice] 34#34: exiting
2024/09/18 05:58:14 [notice] 36#36: exiting
2024/09/18 05:58:14 [notice] 37#37: exiting
2024/09/18 05:58:14 [notice] 39#39: exiting
2024/09/18 05:58:14 [notice] 40#40: exiting
2024/09/18 05:58:14 [notice] 30#30: exit
2024/09/18 05:58:14 [notice] 36#36: exit
2024/09/18 05:58:14 [notice] 31#31: exit
2024/09/18 05:58:14 [notice] 34#34: exit
2024/09/18 05:58:14 [notice] 32#32: exit
2024/09/18 05:58:14 [notice] 37#37: exit
2024/09/18 05:58:14 [notice] 39#39: exit
2024/09/18 05:58:14 [notice] 29#29: exit
2024/09/18 05:58:14 [notice] 33#33: exit
2024/09/18 05:58:14 [notice] 40#40: exit
2024/09/18 05:58:14 [notice] 35#35: gracefully shutting down
2024/09/18 05:58:14 [notice] 35#35: exiting
2024/09/18 05:58:14 [notice] 35#35: exit
2024/09/18 05:58:14 [notice] 38#38: gracefully shutting down
2024/09/18 05:58:14 [notice] 38#38: exiting
2024/09/18 05:58:14 [notice] 38#38: exit
2024/09/18 05:58:14 [notice] 1#1: signal 17 (SIGCHLD) received from 40
2024/09/18 05:58:14 [notice] 1#1: worker process 40 exited with code 0
2024/09/18 05:58:14 [notice] 1#1: signal 29 (SIGIO) received
2024/09/18 05:58:14 [notice] 1#1: signal 17 (SIGCHLD) received from 35
2024/09/18 05:58:14 [notice] 1#1: worker process 35 exited with code 0
2024/09/18 05:58:14 [notice] 1#1: signal 29 (SIGIO) received
2024/09/18 05:58:14 [notice] 1#1: signal 17 (SIGCHLD) received from 29
2024/09/18 05:58:14 [notice] 1#1: worker process 29 exited with code 0
2024/09/18 05:58:14 [notice] 1#1: worker process 38 exited with code 0
2024/09/18 05:58:14 [notice] 1#1: worker process 30 exited with code 0
2024/09/18 05:58:14 [notice] 1#1: worker process 31 exited with code 0
2024/09/18 05:58:14 [notice] 1#1: worker process 32 exited with code 0
2024/09/18 05:58:14 [notice] 1#1: worker process 37 exited with code 0
2024/09/18 05:58:14 [notice] 1#1: signal 29 (SIGIO) received
2024/09/18 05:58:14 [notice] 1#1: signal 17 (SIGCHLD) received from 32
2024/09/18 05:59:24 [notice] 1#1: using the "epoll" event method
2024/09/18 05:59:24 [notice] 1#1: nginx/1.27.1
2024/09/18 05:59:24 [notice] 1#1: built by gcc 13.2.1 20240309 (Alpine 13.2.1_git20240309) 
2024/09/18 05:59:24 [notice] 1#1: OS: Linux 6.8.0-40-generic
2024/09/18 05:59:24 [notice] 1#1: getrlimit(RLIMIT_NOFILE): 1048576:1048576
2024/09/18 05:59:24 [notice] 1#1: start worker processes
2024/09/18 05:59:24 [notice] 1#1: start worker process 29
2024/09/18 05:59:24 [notice] 1#1: start worker process 30
2024/09/18 05:59:24 [notice] 1#1: start worker process 31
2024/09/18 05:59:24 [notice] 1#1: start worker process 32
2024/09/18 05:59:24 [notice] 1#1: start worker process 33
2024/09/18 05:59:24 [notice] 1#1: start worker process 34
2024/09/18 05:59:24 [notice] 1#1: start worker process 35
2024/09/18 05:59:24 [notice] 1#1: start worker process 36
2024/09/18 05:59:24 [notice] 1#1: start worker process 37
2024/09/18 05:59:24 [notice] 1#1: start worker process 38
2024/09/18 05:59:24 [notice] 1#1: start worker process 39
2024/09/18 05:59:24 [notice] 1#1: start worker process 40
2024/09/18 06:00:22 [notice] 1#1: signal 3 (SIGQUIT) received, shutting down
2024/09/18 06:00:22 [notice] 29#29: gracefully shutting down
2024/09/18 06:00:22 [notice] 30#30: gracefully shutting down
2024/09/18 06:00:22 [notice] 31#31: gracefully shutting down
2024/09/18 06:00:22 [notice] 32#32: gracefully shutting down
2024/09/18 06:00:22 [notice] 37#37: gracefully shutting down
2024/09/18 06:00:22 [notice] 34#34: gracefully shutting down
2024/09/18 06:00:22 [notice] 33#33: gracefully shutting down
2024/09/18 06:00:22 [notice] 35#35: gracefully shutting down
2024/09/18 06:00:22 [notice] 38#38: gracefully shutting down
2024/09/18 06:00:22 [notice] 29#29: exiting
2024/09/18 06:00:22 [notice] 40#40: gracefully shutting down
2024/09/18 06:00:22 [notice] 30#30: exiting
2024/09/18 06:00:22 [notice] 31#31: exiting
2024/09/18 06:00:22 [notice] 32#32: exiting
2024/09/18 06:00:22 [notice] 37#37: exiting
2024/09/18 06:00:22 [notice] 34#34: exiting
2024/09/18 06:00:22 [notice] 33#33: exiting
2024/09/18 06:00:22 [notice] 40#40: exiting
2024/09/18 06:00:22 [notice] 35#35: exiting
2024/09/18 06:00:22 [notice] 38#38: exiting
2024/09/18 06:00:22 [notice] 36#36: gracefully shutting down
2024/09/18 06:00:22 [notice] 36#36: exiting
2024/09/18 06:00:22 [notice] 39#39: gracefully shutting down
2024/09/18 06:00:22 [notice] 39#39: exiting
2024/09/18 06:00:22 [notice] 35#35: exit
2024/09/18 06:00:22 [notice] 31#31: exit
2024/09/18 06:00:22 [notice] 29#29: exit
2024/09/18 06:00:22 [notice] 33#33: exit
2024/09/18 06:00:22 [notice] 32#32: exit
2024/09/18 06:00:22 [notice] 30#30: exit
2024/09/18 06:00:22 [notice] 36#36: exit
2024/09/18 06:00:22 [notice] 38#38: exit
2024/09/18 06:00:22 [notice] 39#39: exit
2024/09/18 06:00:22 [notice] 40#40: exit
2024/09/18 06:00:22 [notice] 37#37: exit
2024/09/18 06:00:22 [notice] 34#34: exit
2024/09/18 06:00:34 [notice] 1#1: using the "epoll" event method
2024/09/18 06:00:34 [notice] 1#1: nginx/1.27.1
2024/09/18 06:00:34 [notice] 1#1: built by gcc 13.2.1 20240309 (Alpine 13.2.1_git20240309) 
2024/09/18 06:00:34 [notice] 1#1: OS: Linux 6.8.0-40-generic
2024/09/18 06:00:34 [notice] 1#1: getrlimit(RLIMIT_NOFILE): 1048576:1048576
2024/09/18 06:00:34 [notice] 1#1: start worker processes
2024/09/18 06:00:34 [notice] 1#1: start worker process 220
2024/09/18 06:00:34 [notice] 1#1: start worker process 221
2024/09/18 06:00:34 [notice] 1#1: start worker process 222
2024/09/18 06:00:34 [notice] 1#1: start worker process 223
2024/09/18 06:00:34 [notice] 1#1: start worker process 224
2024/09/18 06:00:34 [notice] 1#1: start worker process 225
2024/09/18 06:00:34 [notice] 1#1: start worker process 226
2024/09/18 06:00:34 [notice] 1#1: start worker process 227
2024/09/18 06:00:34 [notice] 1#1: start worker process 228
2024/09/18 06:00:34 [notice] 1#1: start worker process 229
2024/09/18 06:00:34 [notice] 1#1: start worker process 230
2024/09/18 06:00:34 [notice] 1#1: start worker process 231
2024/09/18 06:00:50 [notice] 1#1: signal 3 (SIGQUIT) received, shutting down
2024/09/18 06:00:50 [notice] 220#220: gracefully shutting down
2024/09/18 06:00:50 [notice] 222#222: gracefully shutting down
2024/09/18 06:00:50 [notice] 225#225: gracefully shutting down
2024/09/18 06:00:50 [notice] 220#220: exiting
2024/09/18 06:00:50 [notice] 222#222: exiting
2024/09/18 06:00:50 [notice] 225#225: exiting
2024/09/18 06:00:50 [notice] 222#222: exit
2024/09/18 06:00:50 [notice] 225#225: exit
2024/09/18 06:00:50 [notice] 220#220: exit
2024/09/18 06:00:50 [notice] 226#226: gracefully shutting down
2024/09/18 06:00:50 [notice] 228#228: gracefully shutting down
2024/09/18 06:00:50 [notice] 227#227: gracefully shutting down
2024/09/18 06:00:50 [notice] 229#229: gracefully shutting down
2024/09/18 06:00:50 [notice] 231#231: gracefully shutting down
2024/09/18 06:00:50 [notice] 221#221: gracefully shutting down
2024/09/18 06:00:50 [notice] 226#226: exiting
2024/09/18 06:00:50 [notice] 228#228: exiting
2024/09/18 06:00:50 [notice] 227#227: exiting
2024/09/18 06:00:50 [notice] 229#229: exiting
2024/09/18 06:00:50 [notice] 231#231: exiting
2024/09/18 06:00:50 [notice] 221#221: exiting
2024/09/18 06:00:50 [notice] 227#227: exit
2024/09/18 06:00:50 [notice] 228#228: exit
2024/09/18 06:00:50 [notice] 221#221: exit
2024/09/18 06:00:50 [notice] 229#229: exit
2024/09/18 06:00:50 [notice] 231#231: exit
2024/09/18 06:00:50 [notice] 226#226: exit
2024/09/18 06:00:50 [notice] 230#230: gracefully shutting down
2024/09/18 06:00:50 [notice] 224#224: gracefully shutting down
2024/09/18 06:00:50 [notice] 224#224: exiting
2024/09/18 06:00:50 [notice] 230#230: exiting
2024/09/18 06:00:50 [notice] 224#224: exit
2024/09/18 06:00:50 [notice] 230#230: exit
2024/09/18 06:00:50 [notice] 223#223: gracefully shutting down
2024/09/18 06:00:50 [notice] 223#223: exiting
2024/09/18 06:00:50 [notice] 223#223: exit
2024/09/18 06:00:50 [notice] 1#1: signal 17 (SIGCHLD) received from 224
2024/09/18 06:00:50 [notice] 1#1: worker process 222 exited with code 0
2024/09/18 06:00:50 [notice] 1#1: worker process 224 exited with code 0
2024/09/18 06:00:50 [notice] 1#1: worker process 225 exited with code 0
2024/09/18 06:00:50 [notice] 1#1: signal 29 (SIGIO) received
2024/09/18 06:00:50 [notice] 1#1: signal 17 (SIGCHLD) received from 222
2024/09/18 06:00:50 [notice] 1#1: signal 17 (SIGCHLD) received from 227
2024/09/18 06:00:50 [notice] 1#1: worker process 220 exited with code 0
2024/09/18 06:00:50 [notice] 1#1: worker process 227 exited with code 0
2024/09/18 06:00:50 [notice] 1#1: signal 29 (SIGIO) received
2024/09/18 06:00:50 [notice] 1#1: signal 17 (SIGCHLD) received from 229
2024/09/18 06:00:50 [notice] 1#1: worker process 229 exited with code 0
2024/09/18 06:00:50 [notice] 1#1: signal 29 (SIGIO) received
2024/09/18 06:02:02 [notice] 1#1: using the "epoll" event method
2024/09/18 06:02:02 [notice] 1#1: nginx/1.27.1
2024/09/18 06:02:02 [notice] 1#1: built by gcc 13.2.1 20240309 (Alpine 13.2.1_git20240309) 
2024/09/18 06:02:02 [notice] 1#1: OS: Linux 6.8.0-40-generic
2024/09/18 06:02:02 [notice] 1#1: getrlimit(RLIMIT_NOFILE): 1048576:1048576
2024/09/18 06:02:02 [notice] 1#1: start worker processes
2024/09/18 06:02:02 [notice] 1#1: start worker process 29
2024/09/18 06:02:02 [notice] 1#1: start worker process 30
2024/09/18 06:02:02 [notice] 1#1: start worker process 31
2024/09/18 06:02:02 [notice] 1#1: start worker process 32
2024/09/18 06:02:02 [notice] 1#1: start worker process 33
2024/09/18 06:02:02 [notice] 1#1: start worker process 34
2024/09/18 06:02:02 [notice] 1#1: start worker process 35
2024/09/18 06:02:02 [notice] 1#1: start worker process 36
2024/09/18 06:02:02 [notice] 1#1: start worker process 37
2024/09/18 06:02:02 [notice] 1#1: start worker process 38
2024/09/18 06:02:02 [notice] 1#1: start worker process 39
2024/09/18 06:02:02 [notice] 1#1: start worker process 40
2024/09/18 06:13:52 [notice] 1#1: signal 3 (SIGQUIT) received, shutting down
2024/09/18 06:13:52 [notice] 29#29: gracefully shutting down
2024/09/18 06:13:52 [notice] 30#30: gracefully shutting down
2024/09/18 06:13:52 [notice] 31#31: gracefully shutting down
2024/09/18 06:13:52 [notice] 32#32: gracefully shutting down
2024/09/18 06:13:52 [notice] 33#33: gracefully shutting down
2024/09/18 06:13:52 [notice] 34#34: gracefully shutting down
2024/09/18 06:13:52 [notice] 36#36: gracefully shutting down
2024/09/18 06:13:52 [notice] 29#29: exiting
2024/09/18 06:13:52 [notice] 39#39: gracefully shutting down
2024/09/18 06:13:52 [notice] 30#30: exiting
2024/09/18 06:13:52 [notice] 31#31: exiting
2024/09/18 06:13:52 [notice] 32#32: exiting
2024/09/18 06:13:52 [notice] 33#33: exiting
2024/09/18 06:13:52 [notice] 34#34: exiting
2024/09/18 06:13:52 [notice] 37#37: gracefully shutting down
2024/09/18 06:13:52 [notice] 36#36: exiting
2024/09/18 06:13:52 [notice] 39#39: exiting
2024/09/18 06:13:52 [notice] 37#37: exiting
2024/09/18 06:13:52 [notice] 31#31: exit
2024/09/18 06:13:52 [notice] 32#32: exit
2024/09/18 06:13:52 [notice] 33#33: exit
2024/09/18 06:13:52 [notice] 29#29: exit
2024/09/18 06:13:52 [notice] 30#30: exit
2024/09/18 06:13:52 [notice] 36#36: exit
2024/09/18 06:13:52 [notice] 34#34: exit
2024/09/18 06:13:52 [notice] 39#39: exit
2024/09/18 06:13:52 [notice] 37#37: exit
2024/09/18 06:13:52 [notice] 38#38: gracefully shutting down
2024/09/18 06:13:52 [notice] 38#38: exiting
2024/09/18 06:13:52 [notice] 38#38: exit
2024/09/18 06:13:52 [notice] 35#35: gracefully shutting down
2024/09/18 06:13:52 [notice] 40#40: gracefully shutting down
2024/09/18 06:13:52 [notice] 35#35: exiting
2024/09/18 06:13:52 [notice] 40#40: exiting
2024/09/18 06:13:52 [notice] 35#35: exit
2024/09/18 06:13:52 [notice] 40#40: exit
2024/09/18 06:13:52 [notice] 1#1: signal 17 (SIGCHLD) received from 38
2024/09/18 06:13:52 [notice] 1#1: worker process 33 exited with code 0
2024/09/18 06:13:52 [notice] 1#1: worker process 38 exited with code 0
2024/09/18 06:13:52 [notice] 1#1: signal 29 (SIGIO) received
2024/09/18 06:13:52 [notice] 1#1: signal 17 (SIGCHLD) received from 32
2024/09/18 06:13:52 [notice] 1#1: worker process 29 exited with code 0
2024/09/18 06:13:52 [notice] 1#1: worker process 32 exited with code 0
2024/09/18 06:13:52 [notice] 1#1: worker process 35 exited with code 0
2024/09/18 06:13:52 [notice] 1#1: signal 29 (SIGIO) received
2024/09/18 06:13:52 [notice] 1#1: signal 17 (SIGCHLD) received from 29
2024/09/18 06:13:52 [notice] 1#1: signal 17 (SIGCHLD) received from 40
2024/09/18 06:13:52 [notice] 1#1: worker process 39 exited with code 0
2024/09/18 06:13:52 [notice] 1#1: worker process 40 exited with code 0
2024/09/18 06:13:52 [notice] 1#1: signal 29 (SIGIO) received
2024/09/18 06:13:52 [notice] 1#1: signal 17 (SIGCHLD) received from 36
2024/09/18 06:13:52 [notice] 1#1: worker process 36 exited with code 0
2024/09/18 06:13:52 [notice] 1#1: worker process 37 exited with code 0
2024/09/18 06:13:52 [notice] 1#1: worker process 30 exited with code 0
2024/09/18 06:13:52 [notice] 1#1: signal 29 (SIGIO) received
2024/09/18 06:13:52 [notice] 1#1: signal 17 (SIGCHLD) received from 37
2024/09/18 06:13:52 [notice] 1#1: signal 17 (SIGCHLD) received from 31
2024/09/18 06:13:52 [notice] 1#1: worker process 31 exited with code 0
2024/09/18 06:13:52 [notice] 1#1: signal 29 (SIGIO) received
2024/09/18 06:13:52 [notice] 1#1: signal 17 (SIGCHLD) received from 34
2024/09/18 06:13:52 [notice] 1#1: worker process 34 exited with code 0
2024/09/18 06:13:52 [notice] 1#1: exit
2024/09/18 06:15:57 [notice] 1#1: using the "epoll" event method
2024/09/18 06:15:57 [notice] 1#1: nginx/1.27.1
2024/09/18 06:15:57 [notice] 1#1: built by gcc 13.2.1 20240309 (Alpine 13.2.1_git20240309) 
2024/09/18 06:15:57 [notice] 1#1: OS: Linux 6.8.0-40-generic
2024/09/18 06:15:57 [notice] 1#1: getrlimit(RLIMIT_NOFILE): 1048576:1048576
2024/09/18 06:15:57 [notice] 1#1: start worker processes
2024/09/18 06:15:57 [notice] 1#1: start worker process 29
2024/09/18 06:15:57 [notice] 1#1: start worker process 30
2024/09/18 06:15:57 [notice] 1#1: start worker process 31
2024/09/18 06:15:57 [notice] 1#1: start worker process 32
2024/09/18 06:15:57 [notice] 1#1: start worker process 33
2024/09/18 06:15:57 [notice] 1#1: start worker process 34
2024/09/18 06:15:57 [notice] 1#1: start worker process 35
2024/09/18 06:15:57 [notice] 1#1: start worker process 36
2024/09/18 06:15:57 [notice] 1#1: start worker process 37
2024/09/18 06:15:57 [notice] 1#1: start worker process 38
2024/09/18 06:15:57 [notice] 1#1: start worker process 39
2024/09/18 06:15:57 [notice] 1#1: start worker process 40
2024/09/18 06:16:58 [notice] 1#1: signal 3 (SIGQUIT) received, shutting down
2024/09/18 06:16:58 [notice] 29#29: gracefully shutting down
2024/09/18 06:16:58 [notice] 30#30: gracefully shutting down
2024/09/18 06:16:58 [notice] 29#29: exiting
2024/09/18 06:16:58 [notice] 30#30: exiting
2024/09/18 06:16:58 [notice] 32#32: gracefully shutting down
2024/09/18 06:16:58 [notice] 31#31: gracefully shutting down
2024/09/18 06:16:58 [notice] 33#33: gracefully shutting down
2024/09/18 06:16:58 [notice] 34#34: gracefully shutting down
2024/09/18 06:16:58 [notice] 35#35: gracefully shutting down
2024/09/18 06:16:58 [notice] 38#38: gracefully shutting down
2024/09/18 06:16:58 [notice] 37#37: gracefully shutting down
2024/09/18 06:16:58 [notice] 32#32: exiting
2024/09/18 06:16:58 [notice] 31#31: exiting
2024/09/18 06:16:58 [notice] 33#33: exiting
2024/09/18 06:16:58 [notice] 34#34: exiting
2024/09/18 06:16:58 [notice] 35#35: exiting
2024/09/18 06:16:58 [notice] 38#38: exiting
2024/09/18 06:16:58 [notice] 37#37: exiting
2024/09/18 06:16:58 [notice] 30#30: exit
2024/09/18 06:16:58 [notice] 29#29: exit
2024/09/18 06:16:58 [notice] 31#31: exit
2024/09/18 06:16:58 [notice] 35#35: exit
2024/09/18 06:16:58 [notice] 32#32: exit
2024/09/18 06:16:58 [notice] 34#34: exit
2024/09/18 06:16:58 [notice] 37#37: exit
2024/09/18 06:16:58 [notice] 38#38: exit
2024/09/18 06:16:58 [notice] 33#33: exit
2024/09/18 06:16:58 [notice] 39#39: gracefully shutting down
2024/09/18 06:16:58 [notice] 39#39: exiting
2024/09/18 06:16:58 [notice] 39#39: exit
2024/09/18 06:16:58 [notice] 36#36: gracefully shutting down
2024/09/18 06:16:58 [notice] 36#36: exiting
2024/09/18 06:16:58 [notice] 40#40: gracefully shutting down
2024/09/18 06:16:58 [notice] 40#40: exiting
2024/09/18 06:16:58 [notice] 36#36: exit
2024/09/18 06:16:58 [notice] 40#40: exit
2024/09/18 06:16:58 [notice] 1#1: signal 17 (SIGCHLD) received from 33
2024/09/18 06:16:58 [notice] 1#1: worker process 29 exited with code 0
2024/09/18 06:16:58 [notice] 1#1: worker process 32 exited with code 0
2024/09/18 06:16:58 [notice] 1#1: worker process 33 exited with code 0
2024/09/18 06:16:58 [notice] 1#1: worker process 36 exited with code 0
2024/09/18 06:16:58 [notice] 1#1: signal 29 (SIGIO) received
2024/09/18 06:16:58 [notice] 1#1: signal 17 (SIGCHLD) received from 36
2024/09/18 06:26:04 [notice] 1#1: using the "epoll" event method
2024/09/18 06:26:04 [notice] 1#1: nginx/1.27.1
2024/09/18 06:26:04 [notice] 1#1: built by gcc 13.2.1 20240309 (Alpine 13.2.1_git20240309) 
2024/09/18 06:26:04 [notice] 1#1: OS: Linux 6.8.0-40-generic
2024/09/18 06:26:04 [notice] 1#1: getrlimit(RLIMIT_NOFILE): 1048576:1048576
2024/09/18 06:26:04 [notice] 1#1: start worker processes
2024/09/18 06:26:04 [notice] 1#1: start worker process 29
2024/09/18 06:26:04 [notice] 1#1: start worker process 30
2024/09/18 06:26:04 [notice] 1#1: start worker process 31
2024/09/18 06:26:04 [notice] 1#1: start worker process 32
2024/09/18 06:26:04 [notice] 1#1: start worker process 33
2024/09/18 06:26:04 [notice] 1#1: start worker process 34
2024/09/18 06:26:04 [notice] 1#1: start worker process 35
2024/09/18 06:26:04 [notice] 1#1: start worker process 36
2024/09/18 06:26:04 [notice] 1#1: start worker process 37
2024/09/18 06:26:04 [notice] 1#1: start worker process 38
2024/09/18 06:26:04 [notice] 1#1: start worker process 39
2024/09/18 06:26:04 [notice] 1#1: start worker process 40
2024/09/18 06:40:52 [notice] 1#1: signal 17 (SIGCHLD) received from 434
2024/09/18 06:40:52 [notice] 1#1: unknown process 434 exited with code 0
2024/09/18 06:40:54 [notice] 1#1: signal 17 (SIGCHLD) received from 1591
2024/09/18 06:40:54 [notice] 1#1: unknown process 1591 exited with code 0
2024/09/18 06:41:02 [notice] 1#1: signal 3 (SIGQUIT) received, shutting down
2024/09/18 06:41:02 [notice] 29#29: gracefully shutting down
2024/09/18 06:41:02 [notice] 30#30: gracefully shutting down
2024/09/18 06:41:02 [notice] 31#31: gracefully shutting down
2024/09/18 06:41:02 [notice] 32#32: gracefully shutting down
2024/09/18 06:41:02 [notice] 33#33: gracefully shutting down
2024/09/18 06:41:02 [notice] 37#37: gracefully shutting down
2024/09/18 06:41:02 [notice] 34#34: gracefully shutting down
2024/09/18 06:41:02 [notice] 29#29: exiting
2024/09/18 06:41:02 [notice] 30#30: exiting
2024/09/18 06:41:02 [notice] 36#36: gracefully shutting down
2024/09/18 06:41:02 [notice] 31#31: exiting
2024/09/18 06:41:02 [notice] 32#32: exiting
2024/09/18 06:41:02 [notice] 33#33: exiting
2024/09/18 06:41:02 [notice] 34#34: exiting
2024/09/18 06:41:02 [notice] 37#37: exiting
2024/09/18 06:41:02 [notice] 36#36: exiting
2024/09/18 06:41:02 [notice] 31#31: exit
2024/09/18 06:41:02 [notice] 30#30: exit
2024/09/18 06:41:02 [notice] 34#34: exit
2024/09/18 06:41:02 [notice] 33#33: exit
2024/09/18 06:41:02 [notice] 32#32: exit
2024/09/18 06:41:02 [notice] 37#37: exit
2024/09/18 06:41:02 [notice] 29#29: exit
2024/09/18 06:41:02 [notice] 36#36: exit
2024/09/18 06:41:02 [notice] 38#38: gracefully shutting down
2024/09/18 06:41:02 [notice] 38#38: exiting
2024/09/18 06:41:02 [notice] 38#38: exit
2024/09/18 06:41:02 [notice] 35#35: gracefully shutting down
2024/09/18 06:41:02 [notice] 35#35: exiting
2024/09/18 06:41:02 [notice] 39#39: gracefully shutting down
2024/09/18 06:41:02 [notice] 39#39: exiting
2024/09/18 06:41:02 [notice] 40#40: gracefully shutting down
2024/09/18 06:41:02 [notice] 40#40: exiting
2024/09/18 06:41:02 [notice] 35#35: exit
2024/09/18 06:41:02 [notice] 39#39: exit
2024/09/18 06:41:02 [notice] 40#40: exit
2024/09/18 06:41:02 [notice] 1#1: signal 17 (SIGCHLD) received from 34
2024/09/18 06:41:02 [notice] 1#1: worker process 32 exited with code 0
2024/09/18 06:41:02 [notice] 1#1: worker process 34 exited with code 0
2024/09/18 06:41:02 [notice] 1#1: worker process 36 exited with code 0
2024/09/18 06:41:02 [notice] 1#1: worker process 37 exited with code 0
2024/09/18 06:42:36 [emerg] 1#1: host not found in upstream "php" in /etc/nginx/conf.d/default.conf:18
2024/09/18 08:46:52 [notice] 1#1: using the "epoll" event method
2024/09/18 08:46:52 [notice] 1#1: nginx/1.27.1
2024/09/18 08:46:52 [notice] 1#1: built by gcc 13.2.1 20240309 (Alpine 13.2.1_git20240309) 
2024/09/18 08:46:52 [notice] 1#1: OS: Linux 6.8.0-40-generic
2024/09/18 08:46:52 [notice] 1#1: getrlimit(RLIMIT_NOFILE): 1048576:1048576
2024/09/18 08:46:52 [notice] 1#1: start worker processes
2024/09/18 08:46:52 [notice] 1#1: start worker process 29
2024/09/18 08:46:52 [notice] 1#1: start worker process 30
2024/09/18 08:46:52 [notice] 1#1: start worker process 31
2024/09/18 08:46:52 [notice] 1#1: start worker process 32
2024/09/18 08:46:52 [notice] 1#1: start worker process 33
2024/09/18 08:46:52 [notice] 1#1: start worker process 34
2024/09/18 08:46:52 [notice] 1#1: start worker process 35
2024/09/18 08:46:52 [notice] 1#1: start worker process 36
2024/09/18 08:46:52 [notice] 1#1: start worker process 37
2024/09/18 08:46:52 [notice] 1#1: start worker process 38
2024/09/18 08:46:52 [notice] 1#1: start worker process 39
2024/09/18 08:46:52 [notice] 1#1: start worker process 40
2024/09/18 08:49:14 [notice] 1#1: signal 17 (SIGCHLD) received from 434
2024/09/18 08:49:14 [notice] 1#1: unknown process 434 exited with code 0
2024/09/18 08:49:24 [notice] 1#1: signal 3 (SIGQUIT) received, shutting down
2024/09/18 08:49:24 [notice] 31#31: gracefully shutting down
2024/09/18 08:49:24 [notice] 32#32: gracefully shutting down
2024/09/18 08:49:24 [notice] 33#33: gracefully shutting down
2024/09/18 08:49:24 [notice] 31#31: exiting
2024/09/18 08:49:24 [notice] 32#32: exiting
2024/09/18 08:49:24 [notice] 35#35: gracefully shutting down
2024/09/18 08:49:24 [notice] 36#36: gracefully shutting down
2024/09/18 08:49:24 [notice] 33#33: exiting
2024/09/18 08:49:24 [notice] 30#30: gracefully shutting down
2024/09/18 08:49:24 [notice] 38#38: gracefully shutting down
2024/09/18 08:49:24 [notice] 29#29: gracefully shutting down
2024/09/18 08:49:24 [notice] 35#35: exiting
2024/09/18 08:49:24 [notice] 34#34: gracefully shutting down
2024/09/18 08:49:24 [notice] 36#36: exiting
2024/09/18 08:49:24 [notice] 30#30: exiting
2024/09/18 08:49:24 [notice] 38#38: exiting
2024/09/18 08:49:24 [notice] 29#29: exiting
2024/09/18 08:49:24 [notice] 34#34: exiting
2024/09/18 08:49:24 [notice] 35#35: exit
2024/09/18 08:49:24 [notice] 32#32: exit
2024/09/18 08:49:24 [notice] 31#31: exit
2024/09/18 08:49:24 [notice] 36#36: exit
2024/09/18 08:49:24 [notice] 33#33: exit
2024/09/18 08:49:24 [notice] 29#29: exit
2024/09/18 08:49:24 [notice] 30#30: exit
2024/09/18 08:49:24 [notice] 38#38: exit
2024/09/18 08:49:24 [notice] 34#34: exit
2024/09/18 08:49:24 [notice] 37#37: gracefully shutting down
2024/09/18 08:49:24 [notice] 37#37: exiting
2024/09/18 08:49:24 [notice] 37#37: exit
2024/09/18 08:49:24 [notice] 39#39: gracefully shutting down
2024/09/18 08:49:24 [notice] 40#40: gracefully shutting down
2024/09/18 08:49:24 [notice] 39#39: exiting
2024/09/18 08:49:24 [notice] 40#40: exiting
2024/09/18 08:49:24 [notice] 39#39: exit
2024/09/18 08:49:24 [notice] 40#40: exit
2024/09/18 08:49:24 [notice] 1#1: signal 17 (SIGCHLD) received from 31
2024/09/18 08:49:24 [notice] 1#1: worker process 31 exited with code 0
2024/09/18 08:49:24 [notice] 1#1: signal 29 (SIGIO) received
2024/09/18 08:50:46 [notice] 1#1: using the "epoll" event method
2024/09/18 08:50:46 [notice] 1#1: nginx/1.27.1
2024/09/18 08:50:46 [notice] 1#1: built by gcc 13.2.1 20240309 (Alpine 13.2.1_git20240309) 
2024/09/18 08:50:46 [notice] 1#1: OS: Linux 6.8.0-40-generic
2024/09/18 08:50:46 [notice] 1#1: getrlimit(RLIMIT_NOFILE): 1048576:1048576
2024/09/18 08:50:46 [notice] 1#1: start worker processes
2024/09/18 08:50:46 [notice] 1#1: start worker process 29
2024/09/18 08:50:46 [notice] 1#1: start worker process 30
2024/09/18 08:50:46 [notice] 1#1: start worker process 31
2024/09/18 08:50:46 [notice] 1#1: start worker process 32
2024/09/18 08:50:46 [notice] 1#1: start worker process 33
2024/09/18 08:50:46 [notice] 1#1: start worker process 34
2024/09/18 08:50:46 [notice] 1#1: start worker process 35
2024/09/18 08:50:46 [notice] 1#1: start worker process 36
2024/09/18 08:50:46 [notice] 1#1: start worker process 37
2024/09/18 08:50:46 [notice] 1#1: start worker process 38
2024/09/18 08:50:46 [notice] 1#1: start worker process 39
2024/09/18 08:50:46 [notice] 1#1: start worker process 40
2024/09/18 08:53:35 [notice] 1#1: signal 17 (SIGCHLD) received from 428
2024/09/18 08:53:35 [notice] 1#1: unknown process 428 exited with code 0
2024/09/18 08:53:45 [notice] 1#1: signal 3 (SIGQUIT) received, shutting down
2024/09/18 08:53:45 [notice] 29#29: gracefully shutting down
2024/09/18 08:53:45 [notice] 32#32: gracefully shutting down
2024/09/18 08:53:45 [notice] 31#31: gracefully shutting down
2024/09/18 08:53:45 [notice] 30#30: gracefully shutting down
2024/09/18 08:53:45 [notice] 35#35: gracefully shutting down
2024/09/18 08:53:45 [notice] 36#36: gracefully shutting down
2024/09/18 08:53:45 [notice] 33#33: gracefully shutting down
2024/09/18 08:53:45 [notice] 29#29: exiting
2024/09/18 08:53:45 [notice] 32#32: exiting
2024/09/18 08:53:45 [notice] 31#31: exiting
2024/09/18 08:53:45 [notice] 30#30: exiting
2024/09/18 08:53:45 [notice] 35#35: exiting
2024/09/18 08:53:45 [notice] 36#36: exiting
2024/09/18 08:53:45 [notice] 33#33: exiting
2024/09/18 08:53:45 [notice] 38#38: gracefully shutting down
2024/09/18 08:53:45 [notice] 38#38: exiting
2024/09/18 08:53:45 [notice] 30#30: exit
2024/09/18 08:53:45 [notice] 34#34: gracefully shutting down
2024/09/18 08:53:45 [notice] 29#29: exit
2024/09/18 08:53:45 [notice] 36#36: exit
2024/09/18 08:53:45 [notice] 32#32: exit
2024/09/18 08:53:45 [notice] 31#31: exit
2024/09/18 08:53:45 [notice] 35#35: exit
2024/09/18 08:53:45 [notice] 33#33: exit
2024/09/18 08:53:45 [notice] 34#34: exiting
2024/09/18 08:53:45 [notice] 38#38: exit
2024/09/18 08:53:45 [notice] 39#39: gracefully shutting down
2024/09/18 08:53:45 [notice] 39#39: exiting
2024/09/18 08:53:45 [notice] 34#34: exit
2024/09/18 08:53:45 [notice] 39#39: exit
2024/09/18 08:53:45 [notice] 40#40: gracefully shutting down
2024/09/18 08:53:45 [notice] 40#40: exiting
2024/09/18 08:53:45 [notice] 37#37: gracefully shutting down
2024/09/18 08:53:45 [notice] 37#37: exiting
2024/09/18 08:53:45 [notice] 40#40: exit
2024/09/18 08:53:45 [notice] 37#37: exit
2024/09/18 08:53:45 [notice] 1#1: signal 17 (SIGCHLD) received from 30
2024/09/18 08:53:45 [notice] 1#1: worker process 30 exited with code 0
2024/09/18 08:53:45 [notice] 1#1: worker process 32 exited with code 0
2024/09/18 08:53:45 [notice] 1#1: worker process 35 exited with code 0
2024/09/18 08:53:45 [notice] 1#1: worker process 40 exited with code 0
2024/09/18 08:53:45 [notice] 1#1: signal 29 (SIGIO) received
2024/09/18 08:53:45 [notice] 1#1: signal 17 (SIGCHLD) received from 32
2024/09/18 08:53:45 [notice] 1#1: signal 17 (SIGCHLD) received from 34
2024/09/18 08:53:45 [notice] 1#1: worker process 34 exited with code 0
2024/09/18 08:53:45 [notice] 1#1: signal 29 (SIGIO) received
2024/09/18 08:53:45 [notice] 1#1: signal 17 (SIGCHLD) received from 39
2024/09/18 08:53:45 [notice] 1#1: worker process 39 exited with code 0
2024/09/18 08:53:45 [notice] 1#1: signal 29 (SIGIO) received
2024/09/20 14:35:45 [notice] 1#1: using the "epoll" event method
2024/09/20 14:35:45 [notice] 1#1: nginx/1.27.1
2024/09/20 14:35:45 [notice] 1#1: built by gcc 13.2.1 20240309 (Alpine 13.2.1_git20240309) 
2024/09/20 14:35:45 [notice] 1#1: OS: Linux 6.8.0-40-generic
2024/09/20 14:35:45 [notice] 1#1: getrlimit(RLIMIT_NOFILE): 1048576:1048576
2024/09/20 14:35:45 [notice] 1#1: start worker processes
2024/09/20 14:35:45 [notice] 1#1: start worker process 35
2024/09/20 14:35:45 [notice] 1#1: start worker process 36
2024/09/20 14:35:45 [notice] 1#1: start worker process 37
2024/09/20 14:35:45 [notice] 1#1: start worker process 38
2024/09/20 14:35:45 [notice] 1#1: start worker process 39
2024/09/20 14:35:45 [notice] 1#1: start worker process 40
2024/09/20 14:35:45 [notice] 1#1: start worker process 41
2024/09/20 14:35:45 [notice] 1#1: start worker process 42
2024/09/20 14:35:45 [notice] 1#1: start worker process 43
2024/09/20 14:35:45 [notice] 1#1: start worker process 44
2024/09/20 14:35:45 [notice] 1#1: start worker process 45
2024/09/20 14:35:45 [notice] 1#1: start worker process 46
